2025-05-27 08:52:21,564 - ehemo.mq.mq_service - INFO - RabbitMQ 연결 시도 중... Host: rabbitmq-dev.basicfive.co.kr, Port: 5671, VHost: /
2025-05-27 08:52:21,616 - ehemo.mq.mq_service - INFO - RabbitMQ 연결 성공!
2025-05-27 08:52:21,616 - __main__ - INFO - 메시지 소비 시작 - 큐: EHAPI_TO_KOHYA
2025-05-27 08:52:21,616 - __main__ - ERROR - 애플리케이션 실행 중 오류 발생: 'RequestHandler' object has no attribute 'process_training_message'
2025-05-27 08:52:21,616 - ehemo.mq.mq_service - INFO - 채널을 닫습니다...
2025-05-27 08:52:21,622 - ehemo.mq.mq_service - INFO - 연결을 닫습니다...
2025-05-27 08:52:21,627 - ehemo.mq.mq_service - INFO - RabbitMQ 연결 및 채널 종료 완료
2025-05-27 08:52:57,715 - ehemo.mq.mq_service - INFO - RabbitMQ 연결 시도 중... Host: rabbitmq-dev.basicfive.co.kr, Port: 5671, VHost: /
2025-05-27 08:52:57,763 - ehemo.mq.mq_service - INFO - RabbitMQ 연결 성공!
2025-05-27 08:52:57,764 - __main__ - INFO - 메시지 소비 시작 - 큐: EHAPI_TO_KOHYA
2025-05-27 08:52:57,764 - __main__ - ERROR - 애플리케이션 실행 중 오류 발생: 'RequestHandler' object has no attribute 'process_training_request'
2025-05-27 08:52:57,764 - ehemo.mq.mq_service - INFO - 채널을 닫습니다...
2025-05-27 08:52:57,769 - ehemo.mq.mq_service - INFO - 연결을 닫습니다...
2025-05-27 08:52:57,775 - ehemo.mq.mq_service - INFO - RabbitMQ 연결 및 채널 종료 완료
2025-05-27 08:53:07,394 - ehemo.mq.mq_service - INFO - RabbitMQ 연결 시도 중... Host: rabbitmq-dev.basicfive.co.kr, Port: 5671, VHost: /
2025-05-27 08:53:07,441 - ehemo.mq.mq_service - INFO - RabbitMQ 연결 성공!
2025-05-27 08:53:07,441 - __main__ - INFO - 메시지 소비 시작 - 큐: EHAPI_TO_KOHYA
2025-05-27 08:53:07,447 - ehemo.mq.mq_service - INFO - 큐 'EHAPI_TO_KOHYA'에서 메시지 소비를 시작합니다...
2025-05-27 08:53:07,458 - ehemo.mq.mq_service - INFO - 메시지 소비 시작 (Consumer tag: ctag1.1a23f0cc9d77444aa8e6fb874b89684b)
2025-05-27 08:54:55,488 - ehemo.mq.mq_service - INFO - 수신된 메시지: b'{"gender":"FEMALE","training_job_id":38,"user_hair_lora_s3_key":"user_hair_style_lora/0ccd3d17-fc2d-4723-bde2-f9c6bd7675d7","user_hair_lora_name":"0ccd3d17-fc2d-4723-bde2-f9c6bd7675d7","uploaded_image_s3_keys":["user_uploaded_image_for_training/9ebc5a47-871d-4510-87c7-d17901822746","user_uploaded_image_for_training/180efd23-4bf4-4666-815a-6c1704f99030","user_uploaded_image_for_training/3590a069-e5d7-4b27-8149-3e3bee6cfe61","user_uploaded_image_for_training/e106bc78-8dbb-4862-abfe-f279fb179129","user_uploaded_image_for_training/8664bb59-74b6-41ff-a08a-8af5889541a8","user_uploaded_image_for_training/5f1bc80e-73fe-43b2-8db9-539a6686a5b1","user_uploaded_image_for_training/74cfc665-0214-4ea4-b89e-1fbac6b6ee76","user_uploaded_image_for_training/27376d5e-2c41-48fc-b895-341e9af53e9f","user_uploaded_image_for_training/98ca2238-ef8c-44af-8682-e334999efdde","user_uploaded_image_for_training/da79b597-5ac7-48a6-bd1a-60d51e4bed24","user_uploaded_image_for_training/a942bede-fd36-4c30-a128-c32ce1329af6","user_uploaded_image_for_training/21ebb258-7919-4735-9545-956e5f85e6e2","user_uploaded_image_for_training/de354304-a8af-4534-8a22-448eed9216a6","user_uploaded_image_for_training/5bf9bdc8-d95d-49cf-aa70-3d6d25ab81f3","user_uploaded_image_for_training/54af2183-527b-4a71-a748-b5b050749d6e","user_uploaded_image_for_training/38bfc5ce-1dcf-4678-9c44-52ed82482c62","user_uploaded_image_for_training/d50b0d17-dbf1-4ae9-b209-2033e3ce8a50","user_uploaded_image_for_training/7573f34c-a739-42c2-a9e6-2541d317fc0c","user_uploaded_image_for_training/c992ac95-21fb-4364-beca-49ed0fe8bbf1","user_uploaded_image_for_training/239f1605-3f0b-4ff5-875d-215b2578cc83","user_uploaded_image_for_training/93e324a9-b6f7-4b35-a080-f2063c262970","user_uploaded_image_for_training/f887a080-f7cb-4f7f-a3a3-ee81c1d570aa","user_uploaded_image_for_training/1dff8535-1a8f-4a1a-960e-8b4f487174f6","user_uploaded_image_for_training/fa2f3d56-8679-4a0b-8652-bc43b8d6587c","user_uploaded_image_for_training/638dc27f-6fa1-4347-ab0f-8e8b8ecc101e","user_uploaded_image_for_training/6eeae36c-1824-4b0d-ae42-aef7b6df8d8a","user_uploaded_image_for_training/c3ac58f7-8b1a-4081-ad6d-5ffb66a2037b","user_uploaded_image_for_training/a2d03927-f733-4be7-896a-c02ec394d438","user_uploaded_image_for_training/3b043121-1e82-44fc-8a02-e984cd28e73d","user_uploaded_image_for_training/f73adcdc-82ce-46b8-80d5-b60451d790c3"],"total_steps":13980,"epoch":466}'
2025-05-27 08:54:55,489 - ehemo.mq.mq_service - ERROR - 메시지 처리 중 오류 발생: RequestHandler.handle_training_request() missing 3 required positional arguments: 'method', 'properties', and 'body'
2025-05-27 08:57:36,161 - ehemo.mq.mq_service - INFO - 수신된 메시지: b'{"gender":"FEMALE","training_job_id":39,"user_hair_lora_s3_key":"user_hair_style_lora/883a3b27-ba67-4aa8-ae27-4b6493c6d3fc","user_hair_lora_name":"883a3b27-ba67-4aa8-ae27-4b6493c6d3fc","uploaded_image_s3_keys":["user_uploaded_image_for_training/cadc28e0-0ab5-4706-bd8b-ad134040053a","user_uploaded_image_for_training/bb8a9b89-b683-4417-bd19-2936bd4cc10f","user_uploaded_image_for_training/728b2a92-2e9b-4d92-9db7-2857a3e0e1bd","user_uploaded_image_for_training/f987b8d0-0aa0-471b-9e79-efc5ef518a09","user_uploaded_image_for_training/7cbf7753-8b7f-42ed-868e-17be8d54a879","user_uploaded_image_for_training/297b2800-59f8-44c2-96c3-b0b4a6add200","user_uploaded_image_for_training/e4804193-0bd4-4c7a-aa39-ef2f55ac9665","user_uploaded_image_for_training/ae77cbed-a741-4445-bcf2-6a6523e6955d","user_uploaded_image_for_training/b0880757-9497-4b78-870f-9f3064b7d6e1","user_uploaded_image_for_training/c9d4a1a7-1537-44c6-a8c1-e7bcbb8e113f","user_uploaded_image_for_training/aa88bd86-a15c-47ff-89f2-a7fcf31783ed","user_uploaded_image_for_training/5cc82389-8602-41b7-a69d-4334cebdc6b8","user_uploaded_image_for_training/cb7bc3d4-4ac1-4e4c-ba79-878af01e4004","user_uploaded_image_for_training/e76fa56f-46fc-4fcd-bf0f-5bc35e88b591","user_uploaded_image_for_training/b8e72af4-2ff8-4c8a-8eee-ab2ca1451889","user_uploaded_image_for_training/7a4bd6a2-be64-49ce-a534-8cd73028a3bd","user_uploaded_image_for_training/107d4d89-b5b0-4a78-b68b-fd13954b06b9","user_uploaded_image_for_training/140cf9f0-d845-4206-aaa8-700a88dcf0ab","user_uploaded_image_for_training/a8ea419b-1397-4be1-881c-bdd4d12d7505","user_uploaded_image_for_training/4eb94f73-7d09-475c-b3d2-cd7696471cd4","user_uploaded_image_for_training/ce318cfb-94f6-4ef0-8056-9ee4884b03bd","user_uploaded_image_for_training/7637d682-29b0-477d-b888-43617bd4c6eb","user_uploaded_image_for_training/dcffac4e-300d-4a68-bd3e-776ece473960","user_uploaded_image_for_training/cba1ac5d-2f32-44bf-9be1-b9306adc8c79","user_uploaded_image_for_training/01a302c4-5440-475b-8efd-703b4af980ae","user_uploaded_image_for_training/c8cc405b-1d2c-4054-90b1-d5d8530b37f1","user_uploaded_image_for_training/9c36d1e6-95aa-4268-833b-c65375d2f9bc","user_uploaded_image_for_training/52c448b3-5701-49d5-914b-111c7c186f2f","user_uploaded_image_for_training/91075cfe-7643-4ab3-8aad-9f3a4e236c08","user_uploaded_image_for_training/546ce500-d182-4773-9fb1-f4e980660fe6"],"total_steps":13980,"epoch":466}'
2025-05-27 08:57:36,161 - ehemo.mq.mq_service - ERROR - 메시지 처리 중 오류 발생: RequestHandler.handle_training_request() missing 3 required positional arguments: 'method', 'properties', and 'body'
2025-05-27 08:58:34,756 - ehemo.mq.mq_service - INFO - 소비 작업이 취소되었습니다.
2025-05-27 08:58:34,762 - aio_pika.robust_connection - INFO - Connection to amqps://admin:******@rabbitmq-dev.basicfive.co.kr:5671/%2F closed. Reconnecting after 5 seconds.
2025-05-27 08:58:34,762 - __main__ - INFO - 애플리케이션이 사용자에 의해 종료되었습니다.
2025-05-27 08:58:37,801 - ehemo.mq.mq_service - INFO - RabbitMQ 연결 시도 중... Host: rabbitmq-dev.basicfive.co.kr, Port: 5671, VHost: /
2025-05-27 08:58:37,845 - ehemo.mq.mq_service - INFO - RabbitMQ 연결 성공!
2025-05-27 08:58:37,845 - __main__ - INFO - 메시지 소비 시작 - 큐: EHAPI_TO_KOHYA
2025-05-27 08:58:37,850 - ehemo.mq.mq_service - INFO - 큐 'EHAPI_TO_KOHYA'에서 메시지 소비를 시작합니다...
2025-05-27 08:58:37,859 - ehemo.mq.mq_service - INFO - 메시지 소비 시작 (Consumer tag: ctag1.42a0596a9ded4e87aa3719439305c27a)
2025-05-27 08:59:54,517 - ehemo.mq.mq_service - INFO - 수신된 메시지: b'{"gender":"FEMALE","training_job_id":40,"user_hair_lora_s3_key":"user_hair_style_lora/d927cdd3-38ad-42a1-b4c2-4007bbb82e12","user_hair_lora_name":"d927cdd3-38ad-42a1-b4c2-4007bbb82e12","uploaded_image_s3_keys":["user_uploaded_image_for_training/bb3aaafe-7fc5-4c6e-873e-04532e611496","user_uploaded_image_for_training/350c149f-cf14-4241-b641-35c96f212c73","user_uploaded_image_for_training/0980d1b1-b925-4a67-9e99-7a39f156438b","user_uploaded_image_for_training/ecdcac43-fa6f-4559-93cb-b7ed8a617dfc","user_uploaded_image_for_training/51e22e62-1c7c-4452-971f-13e99a2f45a4","user_uploaded_image_for_training/a3b42794-8131-4025-aef2-5df64644435c","user_uploaded_image_for_training/056cc001-67d6-4d6e-b106-fa06518747e8","user_uploaded_image_for_training/4cd705e7-652e-4da2-8124-70ed803f237b","user_uploaded_image_for_training/c932a82a-48fa-458d-aba1-1145a6fdd92a","user_uploaded_image_for_training/45709aee-1789-4f15-92a0-6e88e1d7f6ce","user_uploaded_image_for_training/a197b6c0-253e-406c-a539-30539d4cdbec","user_uploaded_image_for_training/683df42c-da5a-438b-8446-4f564595906b","user_uploaded_image_for_training/60736e6b-dbd5-489e-8bc8-e4bdbf167c4c","user_uploaded_image_for_training/312001e5-ca59-4f80-b80f-7ad1713deb80","user_uploaded_image_for_training/738d15a7-c0e4-4622-8929-2f4699a02509","user_uploaded_image_for_training/112aff4a-0add-4008-ba79-c0b7df5d5d6f","user_uploaded_image_for_training/167e8e67-0218-453e-8e22-41466b754272","user_uploaded_image_for_training/072999ca-0b94-4a29-8520-a67b7ab06503","user_uploaded_image_for_training/36bab8fa-b6e8-4d66-952c-719f490dd62a","user_uploaded_image_for_training/82f7d690-9a21-4f31-a0cc-7be81814b12c","user_uploaded_image_for_training/7d04468c-1606-4167-998b-2475c50e0e9e","user_uploaded_image_for_training/7090478a-1ed9-4808-91c6-a2c77ba8aaac","user_uploaded_image_for_training/a72dc5bc-4db2-4a40-90a0-595d4da96a66","user_uploaded_image_for_training/3cfd47e0-28cc-44f6-bf13-7d49347a0ff4","user_uploaded_image_for_training/f6104371-3d30-49fe-8b24-5d9f8b709b6a","user_uploaded_image_for_training/6016b884-37b8-400c-8f31-be6bd89f8190","user_uploaded_image_for_training/a8eae14c-a9f8-41a3-bd46-6030ce861f01","user_uploaded_image_for_training/d72be05e-68e6-4169-8aa5-2665e7176991","user_uploaded_image_for_training/f427372d-3c43-42d0-b7ac-d61b1adef6c1","user_uploaded_image_for_training/78c491a4-5f01-42c0-9fcf-b95122db81ce"],"total_steps":13980,"epoch":466}'
2025-05-27 09:00:05,313 - ehemo.handle_request - ERROR - 학습 요청 실패: 학습 실패
2025-05-27 09:00:05,322 - ehemo.handle_request - ERROR - 처리 결과 메시지 발행 실패: 'str' object has no attribute 'model_dump_json'
2025-05-27 09:00:05,322 - ehemo.mq.mq_service - INFO - 메시지 처리 완료 및 ack 전송: 544fc1a8b6404a14b320e48712352e0b
2025-05-27 09:06:57,990 - ehemo.mq.mq_service - INFO - 소비 작업이 취소되었습니다.
2025-05-27 09:06:57,996 - asyncio - ERROR - Task was destroyed but it is pending!
task: <Task pending name='Task-35' coro=<Connection._on_reader_done.<locals>.close_writer_task() running at /home/hwichanjeon/ehemo/ehemo-app-training/venv/lib/python3.10/site-packages/aiormq/connection.py:554> wait_for=<Future finished result=None>>
2025-05-27 09:06:57,996 - __main__ - INFO - 애플리케이션이 사용자에 의해 종료되었습니다.
2025-05-27 09:06:58,017 - asyncio - ERROR - Task was destroyed but it is pending!
task: <Task pending name='Task-46' coro=<OneShotCallback.__task_inner() running at /home/hwichanjeon/ehemo/ehemo-app-training/venv/lib/python3.10/site-packages/aio_pika/tools.py:300>>
2025-05-27 09:06:58,751 - ehemo.mq.mq_service - INFO - RabbitMQ 연결 시도 중... Host: rabbitmq-dev.basicfive.co.kr, Port: 5671, VHost: /
2025-05-27 09:06:58,794 - ehemo.mq.mq_service - INFO - RabbitMQ 연결 성공!
2025-05-27 09:06:58,794 - __main__ - INFO - 메시지 소비 시작 - 큐: EHAPI_TO_KOHYA
2025-05-27 09:06:58,799 - ehemo.mq.mq_service - INFO - 큐 'EHAPI_TO_KOHYA'에서 메시지 소비를 시작합니다...
2025-05-27 09:06:58,808 - ehemo.mq.mq_service - INFO - 메시지 소비 시작 (Consumer tag: ctag1.1bdd340917204b168560da5607087dfc)
2025-05-27 09:08:06,727 - ehemo.mq.mq_service - INFO - 수신된 메시지: b'{"gender":"FEMALE","training_job_id":41,"user_hair_lora_s3_key":"user_hair_style_lora/8b360266-14d1-4a8f-97ca-4820c90d36dd","user_hair_lora_name":"8b360266-14d1-4a8f-97ca-4820c90d36dd","uploaded_image_s3_keys":["user_uploaded_image_for_training/84eff23d-5b23-491a-8fa1-9f540f6ef699","user_uploaded_image_for_training/3e1b8900-dda2-4f13-9c07-d8a958e0b608","user_uploaded_image_for_training/5802f346-b90d-4b85-acda-2a8e4c6886b9","user_uploaded_image_for_training/4f9a9ab9-49dd-436b-b71e-5dd25d3c228f","user_uploaded_image_for_training/4d85afa6-9a63-4ddd-9a75-dc62eb9468a9","user_uploaded_image_for_training/56269c89-fa1b-4715-8dbd-b1ca8015b417","user_uploaded_image_for_training/b702b542-9f46-4d0d-9e09-30a2a873dc21","user_uploaded_image_for_training/ff6300cf-6b34-4b40-bc01-b0faa9a44b6b","user_uploaded_image_for_training/67248541-a2d1-4b92-a052-44d16bdbe507","user_uploaded_image_for_training/ca0a013b-149a-4461-b60b-b0c1a796e157","user_uploaded_image_for_training/3fa20ca6-51e1-4af0-981f-5b94244c8e21","user_uploaded_image_for_training/bb176ef6-0fe4-4d34-8955-d372067cfe46","user_uploaded_image_for_training/dadf6a31-4721-43f0-b288-a52013a37ab6","user_uploaded_image_for_training/46930da2-dacf-4791-ba46-eaeb593da8b6","user_uploaded_image_for_training/c20458ea-89a7-4af7-a155-cee1daa51fe1","user_uploaded_image_for_training/a2e21ce2-2d9a-4a46-a66d-611abae0d96c","user_uploaded_image_for_training/d1088613-3188-41fe-ac49-e71f14e25ec2","user_uploaded_image_for_training/5739c758-7339-4a5d-b137-9dc7817c6d50","user_uploaded_image_for_training/688d3a05-1428-42bc-9b37-990ca4b14f0b","user_uploaded_image_for_training/a2079ccf-a639-446b-b53a-5b59cf746c84","user_uploaded_image_for_training/2091d6e8-e0c8-46ac-a04f-d2848d2e2159","user_uploaded_image_for_training/09623ce3-433f-423c-be4e-9c7e51a8b155","user_uploaded_image_for_training/519e1aaa-e423-47b0-9f64-26b16c1bbc55","user_uploaded_image_for_training/2445f4c3-c515-4df0-b770-1fb756bbd659","user_uploaded_image_for_training/50bf18db-fd62-4402-b1d3-12be006d5cce","user_uploaded_image_for_training/e7342f4e-c402-4ae5-b022-700d749dd029","user_uploaded_image_for_training/6fb6d97b-b6cd-4b30-80f9-a87cd18a9b92","user_uploaded_image_for_training/d5b4e256-06d2-4138-b8ac-efc49a41ea13","user_uploaded_image_for_training/db3a7e45-5b68-4cd8-9322-09a6af9b34bf","user_uploaded_image_for_training/0d1c0c3d-bb1e-4832-8e63-81388fa02911"],"total_steps":13980,"epoch":466}'
2025-05-27 09:09:10,605 - ehemo.mq.mq_service - INFO - 소비 작업이 취소되었습니다.
2025-05-27 09:09:10,605 - ehemo.mq.mq_service - ERROR - 메시지 처리 중 오류 발생: local variable 'is_success' referenced before assignment
2025-05-27 09:09:10,611 - aio_pika.robust_connection - INFO - Connection to amqps://admin:******@rabbitmq-dev.basicfive.co.kr:5671/%2F closed. Reconnecting after 5 seconds.
2025-05-27 09:09:10,611 - __main__ - INFO - 애플리케이션이 사용자에 의해 종료되었습니다.
